-----------------------------------------------------------------
[24480] 2019/08/29 23:48:42.331 Login ID: 
[24480] 2019/08/29 23:48:42.332 Version¡G2.13.16
[18000] 2019/08/29 23:49:00.473 Login ID: 
[18000] 2019/08/29 23:49:00.473 Version¡G2.13.16
[18000] 2019/08/29 23:49:00.716 Login Code: 999
[18000] 2019/08/29 23:49:00.811 Login Code: 999
[18000] 2019/08/29 23:49:02.934 -----------------------------------------------------------------
[24480] 2019/08/29 23:49:03.450 Login Code: 999
[24480] 2019/08/29 23:49:03.541 Login Code: 999
[24480] 2019/08/29 23:49:06.838 -----------------------------------------------------------------
[24012] 2019/08/29 23:49:45.238 Login ID: 
[24012] 2019/08/29 23:49:45.239 Version¡G2.13.16
[24012] 2019/08/29 23:49:45.401 Login Code: 999
[24012] 2019/08/29 23:49:45.473 Login Code: 999
[24012] 2019/08/29 23:49:47.323 -----------------------------------------------------------------
[19484] 2019/08/30 00:09:42.957 Login ID: 
[19484] 2019/08/30 00:09:42.957 Version¡G2.13.16
[19484] 2019/08/30 00:09:43.119 Login Code: 999
[19484] 2019/08/30 00:09:43.194 Login Code: 999
[19484] 2019/08/30 00:09:46.704 -----------------------------------------------------------------
